nohup: ignoring input
2018-05-02 14:17:26.525+0000 INFO  ======== Neo4j 3.3.5 ========
2018-05-02 14:17:26.554+0000 INFO  Starting...
2018-05-02 14:17:27.304+0000 INFO  Bolt enabled on 127.0.0.1:7687.
2018-05-02 14:17:27.403+0000 ERROR Failed to start Neo4j: Starting Neo4j failed: Component 'org.neo4j.server.database.LifecycleManagingDatabase@4b40f651' was successfully initialized, but failed to start. Please see the attached cause exception "Store and its lock file has been locked by another process: /home/19217226/Documents/334CS/GitHub/quori/neo4j-Linux/data/databases/graph.db/store_lock. Please ensure no other process is using this database, and that the directory is writable (required even for read-only access)". Starting Neo4j failed: Component 'org.neo4j.server.database.LifecycleManagingDatabase@4b40f651' was successfully initialized, but failed to start. Please see the attached cause exception "Store and its lock file has been locked by another process: /home/19217226/Documents/334CS/GitHub/quori/neo4j-Linux/data/databases/graph.db/store_lock. Please ensure no other process is using this database, and that the directory is writable (required even for read-only access)".
org.neo4j.server.ServerStartupException: Starting Neo4j failed: Component 'org.neo4j.server.database.LifecycleManagingDatabase@4b40f651' was successfully initialized, but failed to start. Please see the attached cause exception "Store and its lock file has been locked by another process: /home/19217226/Documents/334CS/GitHub/quori/neo4j-Linux/data/databases/graph.db/store_lock. Please ensure no other process is using this database, and that the directory is writable (required even for read-only access)".
	at org.neo4j.server.exception.ServerStartupErrors.translateToServerStartupError(ServerStartupErrors.java:68)
	at org.neo4j.server.AbstractNeoServer.start(AbstractNeoServer.java:220)
	at org.neo4j.server.ServerBootstrapper.start(ServerBootstrapper.java:111)
	at org.neo4j.server.ServerBootstrapper.start(ServerBootstrapper.java:79)
	at org.neo4j.server.CommunityEntryPoint.main(CommunityEntryPoint.java:32)
Caused by: org.neo4j.kernel.lifecycle.LifecycleException: Component 'org.neo4j.server.database.LifecycleManagingDatabase@4b40f651' was successfully initialized, but failed to start. Please see the attached cause exception "Store and its lock file has been locked by another process: /home/19217226/Documents/334CS/GitHub/quori/neo4j-Linux/data/databases/graph.db/store_lock. Please ensure no other process is using this database, and that the directory is writable (required even for read-only access)".
	at org.neo4j.kernel.lifecycle.LifeSupport$LifecycleInstance.start(LifeSupport.java:466)
	at org.neo4j.kernel.lifecycle.LifeSupport.start(LifeSupport.java:107)
	at org.neo4j.server.AbstractNeoServer.start(AbstractNeoServer.java:212)
	... 3 more
Caused by: java.lang.RuntimeException: Error starting org.neo4j.kernel.impl.factory.GraphDatabaseFacadeFactory, /home/19217226/Documents/334CS/GitHub/quori/neo4j-Linux/data/databases/graph.db
	at org.neo4j.kernel.impl.factory.GraphDatabaseFacadeFactory.initFacade(GraphDatabaseFacadeFactory.java:211)
	at org.neo4j.kernel.impl.factory.GraphDatabaseFacadeFactory.newFacade(GraphDatabaseFacadeFactory.java:126)
	at org.neo4j.server.CommunityNeoServer.lambda$static$0(CommunityNeoServer.java:58)
	at org.neo4j.server.database.LifecycleManagingDatabase.start(LifecycleManagingDatabase.java:88)
	at org.neo4j.kernel.lifecycle.LifeSupport$LifecycleInstance.start(LifeSupport.java:445)
	... 5 more
Caused by: org.neo4j.kernel.lifecycle.LifecycleException: Component 'org.neo4j.kernel.internal.locker.StoreLockerLifecycleAdapter@7fb95505' was successfully initialized, but failed to start. Please see the attached cause exception "Store and its lock file has been locked by another process: /home/19217226/Documents/334CS/GitHub/quori/neo4j-Linux/data/databases/graph.db/store_lock. Please ensure no other process is using this database, and that the directory is writable (required even for read-only access)".
	at org.neo4j.kernel.lifecycle.LifeSupport$LifecycleInstance.start(LifeSupport.java:466)
	at org.neo4j.kernel.lifecycle.LifeSupport.start(LifeSupport.java:107)
	at org.neo4j.kernel.impl.factory.GraphDatabaseFacadeFactory.initFacade(GraphDatabaseFacadeFactory.java:207)
	... 9 more
Caused by: org.neo4j.kernel.StoreLockException: Store and its lock file has been locked by another process: /home/19217226/Documents/334CS/GitHub/quori/neo4j-Linux/data/databases/graph.db/store_lock. Please ensure no other process is using this database, and that the directory is writable (required even for read-only access)
	at org.neo4j.kernel.internal.locker.StoreLocker.storeLockException(StoreLocker.java:116)
	at org.neo4j.kernel.internal.locker.StoreLocker.checkLock(StoreLocker.java:92)
	at org.neo4j.kernel.internal.locker.GlobalStoreLocker.checkLock(GlobalStoreLocker.java:60)
	at org.neo4j.kernel.internal.locker.StoreLockerLifecycleAdapter.start(StoreLockerLifecycleAdapter.java:36)
	at org.neo4j.kernel.lifecycle.LifeSupport$LifecycleInstance.start(LifeSupport.java:445)
	... 11 more
2018-05-02 14:17:27.404+0000 INFO  Neo4j Server shutdown initiated by request
